 ==== valid syntax ====
-- Print AST --
   0
     TCONST    258
          m
          84
          n
          36
     TVAR    259
          x
          y
          z
          q
          r
             91
               a
               3
     TPROC    260
          gcd
             0
               TVAR    259
                       91
                         f
                         2
               TBEGIN    262
                    ASSIGN    273
                            91
                              f
                              0
                         x
                    ASSIGN    273
                            91
                              f
                              1
                         y
                    TWHILE    266
                         NE    270
                                 91
                                   f
                                   0
                                 91
                                   f
                                   1
                         TBEGIN    262
                              TIF    263
                                   <    60
                                           91
                                             f
                                             0
                                           91
                                             f
                                             1
                                   ASSIGN    273
                                           91
                                             f
                                             1
                                        -    45
                                                91
                                                  f
                                                  1
                                                91
                                                  f
                                                  0
                                   ASSIGN    273
                                           91
                                             f
                                             0
                                        -    45
                                                91
                                                  f
                                                  0
                                                91
                                                  f
                                                  1
                    ASSIGN    273
                            91
                              a
                              1
                            91
                              f
                              0
     TBEGIN    262
          ASSIGN    273
               x
               m
          ASSIGN    273
               y
               n
          TCALL    261
               gcd
          ASSIGN    273
               z
                  91
                    a
                    1
          ASSIGN    273
                  91
                    a
                       91
                         a
                            91
                              a
                              2
                  91
                    a
                    -    45
                         +    43
                              4
                              *    42
                                   3
                                   3
                            91
                              a
                              1
-- CodeGen --
	JMP	LAB0
gcd
	JMP	LAB1
LAB1
	INT	0	5
	LDA	0	3
	LIT	0	0
	ADD
	LOD	1	3
	STI	1	3
	LDA	0	3
	LIT	0	1
	ADD
	LOD	1	4
	STI	1	4
LAB2
	LDA	0	3
	LIT	0	0
	ADD
	LDI	0	0
	LDA	0	3
	LIT	0	1
	ADD
	LDI	0	0
	NE
	JPC	LAB3
	LDA	0	3
	LIT	0	0
	ADD
	LDI	0	0
	LDA	0	3
	LIT	0	1
	ADD
	LDI	0	0
	LT
	JPC	LAB4
	LDA	0	3
	LIT	0	1
	ADD
	LDA	0	3
	LIT	0	1
	ADD
	LDI	0	0
	LDA	0	3
	LIT	0	0
	ADD
	LDI	0	0
	SUB
	STI	0	3
	JMP	LAB5
LAB4
	LDA	0	3
	LIT	0	0
	ADD
	LDA	0	3
	LIT	0	0
	ADD
	LDI	0	0
	LDA	0	3
	LIT	0	1
	ADD
	LDI	0	0
	SUB
	STI	0	3
LAB5
	JMP	LAB2
LAB3
	LDA	1	8
	LIT	0	1
	ADD
	LDA	0	3
	LIT	0	0
	ADD
	LDI	0	0
	STI	0	3
	RET
LAB0
	INT	0	11
	LIT	0	84
	STO	0	3
	LIT	0	36
	STO	0	4
	CAL	0	gcd
	LDA	0	8
	LIT	0	1
	ADD
	LDI	0	0
	STO	0	5
	LDA	0	8
	LDA	0	8
	LDA	0	8
	LIT	0	2
	ADD
	LDI	0	0
	ADD
	LDI	0	0
	ADD
	LDA	0	8
	LIT	0	4
	LIT	0	3
	LIT	0	3
	MUL
	ADD
	LDA	0	8
	LIT	0	1
	ADD
	LDI	0	0
	SUB
	ADD
	LDI	0	0
	STI	0	8
	END
------------------------------
=== start PL0 ===
=== execution result(global var. contents) ===
stack:	10	0
stack:	9	12
stack:	8	12
stack:	7	0
stack:	6	0
stack:	5	12
stack:	4	36
stack:	3	84
