 ==== valid syntax ====
-- Print AST --
   0
     TCONST    258
          m
          84
          n
          36
     TVAR    259
          x
          y
          z
          q
          r
     TPROC    260
          gcd
             0
               TVAR    259
                    f
                    g
               TBEGIN    262
                    ASSIGN    273
                         f
                         x
                    ASSIGN    273
                         g
                         y
                    TWHILE    266
                         NE    270
                              f
                              g
                         TBEGIN    262
                              TIF    263
                                   <    60
                                        f
                                        g
                                   ASSIGN    273
                                        g
                                        -    45
                                             g
                                             f
                              TIF    263
                                   <    60
                                        g
                                        f
                                   ASSIGN    273
                                        f
                                        -    45
                                             f
                                             g
                    ASSIGN    273
                         z
                         f
     TBEGIN    262
          ASSIGN    273
               x
               m
          ASSIGN    273
               y
               n
          TCALL    261
               gcd
-- CodeGen --
	JMP	LAB0
gcd
	JMP	LAB1
LAB1
	INT	0	5
	LOD	1	3
	STO	0	3
	LOD	1	4
	STO	0	4
LAB2
	LOD	0	3
	LOD	0	4
	NE
	JPC	LAB3
	LOD	0	3
	LOD	0	4
	LT
	JPC	LAB4
	LOD	0	4
	LOD	0	3
	SUB
	STO	0	4
LAB4
	LOD	0	4
	LOD	0	3
	LT
	JPC	LAB5
	LOD	0	3
	LOD	0	4
	SUB
	STO	0	3
LAB5
	JMP	LAB2
LAB3
	LOD	0	3
	STO	1	5
	RET
LAB0
	INT	0	8
	LIT	0	84
	STO	0	3
	LIT	0	36
	STO	0	4
	CAL	0	gcd
	END
------------------------------
=== start PL0 ===
=== execution result(global var. contents) ===
stack:	7	0
stack:	6	0
stack:	5	12
stack:	4	36
stack:	3	84
